Determining if the pthread_create exist failed with the following output:
Change Dir: /home/monitorgsm/srsLTE/build/CMakeFiles/CMakeTmp

Run Build Command:"/usr/bin/make" "cmTC_5ddc6/fast"
/usr/bin/make -f CMakeFiles/cmTC_5ddc6.dir/build.make CMakeFiles/cmTC_5ddc6.dir/build
make[1]: Entering directory '/home/monitorgsm/srsLTE/build/CMakeFiles/CMakeTmp'
Building C object CMakeFiles/cmTC_5ddc6.dir/CheckSymbolExists.c.o
/usr/bin/cc    -o CMakeFiles/cmTC_5ddc6.dir/CheckSymbolExists.c.o   -c /home/monitorgsm/srsLTE/build/CMakeFiles/CMakeTmp/CheckSymbolExists.c
Linking C executable cmTC_5ddc6
/usr/bin/cmake -E cmake_link_script CMakeFiles/cmTC_5ddc6.dir/link.txt --verbose=1
/usr/bin/cc      -rdynamic CMakeFiles/cmTC_5ddc6.dir/CheckSymbolExists.c.o  -o cmTC_5ddc6 
CMakeFiles/cmTC_5ddc6.dir/CheckSymbolExists.c.o: In function `main':
CheckSymbolExists.c:(.text+0x1b): undefined reference to `pthread_create'
collect2: error: ld returned 1 exit status
CMakeFiles/cmTC_5ddc6.dir/build.make:97: recipe for target 'cmTC_5ddc6' failed
make[1]: *** [cmTC_5ddc6] Error 1
make[1]: Leaving directory '/home/monitorgsm/srsLTE/build/CMakeFiles/CMakeTmp'
Makefile:126: recipe for target 'cmTC_5ddc6/fast' failed
make: *** [cmTC_5ddc6/fast] Error 2

File /home/monitorgsm/srsLTE/build/CMakeFiles/CMakeTmp/CheckSymbolExists.c:
/* */
#include <pthread.h>

int main(int argc, char** argv)
{
  (void)argv;
#ifndef pthread_create
  return ((int*)(&pthread_create))[argc];
#else
  (void)argc;
  return 0;
#endif
}

Determining if the function pthread_create exists in the pthreads failed with the following output:
Change Dir: /home/monitorgsm/srsLTE/build/CMakeFiles/CMakeTmp

Run Build Command:"/usr/bin/make" "cmTC_30c68/fast"
/usr/bin/make -f CMakeFiles/cmTC_30c68.dir/build.make CMakeFiles/cmTC_30c68.dir/build
make[1]: Entering directory '/home/monitorgsm/srsLTE/build/CMakeFiles/CMakeTmp'
Building C object CMakeFiles/cmTC_30c68.dir/CheckFunctionExists.c.o
/usr/bin/cc   -DCHECK_FUNCTION_EXISTS=pthread_create   -o CMakeFiles/cmTC_30c68.dir/CheckFunctionExists.c.o   -c /usr/share/cmake-3.10/Modules/CheckFunctionExists.c
Linking C executable cmTC_30c68
/usr/bin/cmake -E cmake_link_script CMakeFiles/cmTC_30c68.dir/link.txt --verbose=1
/usr/bin/cc  -DCHECK_FUNCTION_EXISTS=pthread_create    -rdynamic CMakeFiles/cmTC_30c68.dir/CheckFunctionExists.c.o  -o cmTC_30c68 -lpthreads 
/usr/bin/ld: cannot find -lpthreads
collect2: error: ld returned 1 exit status
CMakeFiles/cmTC_30c68.dir/build.make:97: recipe for target 'cmTC_30c68' failed
make[1]: *** [cmTC_30c68] Error 1
make[1]: Leaving directory '/home/monitorgsm/srsLTE/build/CMakeFiles/CMakeTmp'
Makefile:126: recipe for target 'cmTC_30c68/fast' failed
make: *** [cmTC_30c68/fast] Error 2


Performing C SOURCE FILE Test HAVE_AVX failed with the following output:
Change Dir: /home/monitorgsm/srsLTE/build/CMakeFiles/CMakeTmp

Run Build Command:"/usr/bin/make" "cmTC_6ab49/fast"
/usr/bin/make -f CMakeFiles/cmTC_6ab49.dir/build.make CMakeFiles/cmTC_6ab49.dir/build
make[1]: Entering directory '/home/monitorgsm/srsLTE/build/CMakeFiles/CMakeTmp'
Building C object CMakeFiles/cmTC_6ab49.dir/src.c.o
/usr/bin/cc   -DHAVE_AVX -mavx   -o CMakeFiles/cmTC_6ab49.dir/src.c.o   -c /home/monitorgsm/srsLTE/build/CMakeFiles/CMakeTmp/src.c
Linking C executable cmTC_6ab49
/usr/bin/cmake -E cmake_link_script CMakeFiles/cmTC_6ab49.dir/link.txt --verbose=1
/usr/bin/cc  -DHAVE_AVX -mavx    -rdynamic CMakeFiles/cmTC_6ab49.dir/src.c.o  -o cmTC_6ab49 
make[1]: Leaving directory '/home/monitorgsm/srsLTE/build/CMakeFiles/CMakeTmp'

Return value: FAILED_TO_RUN
Source file was:

            #include <immintrin.h>
            int main()
            {
              __m256 a, b, c;
              const float src[8] = { 1.0f, 2.0f, 3.0f, 4.0f, 5.0f, 6.0f, 7.0f, 8.0f };
              float dst[8];
              a = _mm256_loadu_ps( src );
              b = _mm256_loadu_ps( src );
              c = _mm256_add_ps( a, b );
              _mm256_storeu_ps( dst, c );
              int i = 0;
              for( i = 0; i < 8; i++ ){
                if( ( src[i] + src[i] ) != dst[i] ){
                  return -1;
                }
              }
              return 0;
            }
Performing C SOURCE FILE Test HAVE_AVX2 failed with the following output:
Change Dir: /home/monitorgsm/srsLTE/build/CMakeFiles/CMakeTmp

Run Build Command:"/usr/bin/make" "cmTC_86fa5/fast"
/usr/bin/make -f CMakeFiles/cmTC_86fa5.dir/build.make CMakeFiles/cmTC_86fa5.dir/build
make[1]: Entering directory '/home/monitorgsm/srsLTE/build/CMakeFiles/CMakeTmp'
Building C object CMakeFiles/cmTC_86fa5.dir/src.c.o
/usr/bin/cc   -DHAVE_AVX2 -mavx2   -o CMakeFiles/cmTC_86fa5.dir/src.c.o   -c /home/monitorgsm/srsLTE/build/CMakeFiles/CMakeTmp/src.c
Linking C executable cmTC_86fa5
/usr/bin/cmake -E cmake_link_script CMakeFiles/cmTC_86fa5.dir/link.txt --verbose=1
/usr/bin/cc  -DHAVE_AVX2 -mavx2    -rdynamic CMakeFiles/cmTC_86fa5.dir/src.c.o  -o cmTC_86fa5 
make[1]: Leaving directory '/home/monitorgsm/srsLTE/build/CMakeFiles/CMakeTmp'

Return value: FAILED_TO_RUN
Source file was:

          #include <immintrin.h>
          int main()
          {
            __m256i a, b, c;
            const int src[8] = { 1, 2, 3, 4, 5, 6, 7, 8 };
            int dst[8];
            a =  _mm256_loadu_si256( (__m256i*)src );
            b =  _mm256_loadu_si256( (__m256i*)src );
            c = _mm256_add_epi32( a, b );
            _mm256_storeu_si256( (__m256i*)dst, c );
            int i = 0;
            for( i = 0; i < 8; i++ ){
              if( ( src[i] + src[i] ) != dst[i] ){
                return -1;
              }
            }
            return 0;
          }
Performing C SOURCE FILE Test HAVE_FMA failed with the following output:
Change Dir: /home/monitorgsm/srsLTE/build/CMakeFiles/CMakeTmp

Run Build Command:"/usr/bin/make" "cmTC_681e7/fast"
/usr/bin/make -f CMakeFiles/cmTC_681e7.dir/build.make CMakeFiles/cmTC_681e7.dir/build
make[1]: Entering directory '/home/monitorgsm/srsLTE/build/CMakeFiles/CMakeTmp'
Building C object CMakeFiles/cmTC_681e7.dir/src.c.o
/usr/bin/cc   -DHAVE_FMA -mfma   -o CMakeFiles/cmTC_681e7.dir/src.c.o   -c /home/monitorgsm/srsLTE/build/CMakeFiles/CMakeTmp/src.c
Linking C executable cmTC_681e7
/usr/bin/cmake -E cmake_link_script CMakeFiles/cmTC_681e7.dir/link.txt --verbose=1
/usr/bin/cc  -DHAVE_FMA -mfma    -rdynamic CMakeFiles/cmTC_681e7.dir/src.c.o  -o cmTC_681e7 
make[1]: Leaving directory '/home/monitorgsm/srsLTE/build/CMakeFiles/CMakeTmp'

Return value: FAILED_TO_RUN
Source file was:

            #include <immintrin.h>
            int main()
            {
              __m256 a, b, c, r;
              const float src[8] = { 1.0f, 2.0f, 3.0f, 4.0f, 5.0f, 6.0f, 7.0f, 8.0f };
              float dst[8];
              a = _mm256_loadu_ps( src );
              b = _mm256_loadu_ps( src );
              c = _mm256_loadu_ps( src );
              r = _mm256_fmadd_ps( a, b, c );
              _mm256_storeu_ps( dst, r );
              int i = 0;
              for( i = 0; i < 8; i++ ){
                if( ( src[i] * src[i] + src[i] ) != dst[i] ){
                  return -1;
                }
              }
              return 0;
            }
Performing C SOURCE FILE Test HAVE_AVX512 failed with the following output:
Change Dir: /home/monitorgsm/srsLTE/build/CMakeFiles/CMakeTmp

Run Build Command:"/usr/bin/make" "cmTC_6548f/fast"
/usr/bin/make -f CMakeFiles/cmTC_6548f.dir/build.make CMakeFiles/cmTC_6548f.dir/build
make[1]: Entering directory '/home/monitorgsm/srsLTE/build/CMakeFiles/CMakeTmp'
Building C object CMakeFiles/cmTC_6548f.dir/src.c.o
/usr/bin/cc   -DHAVE_AVX512 -mavx512f -mavx512cd -mavx512bw -mavx512dq -DLV_HAVE_AVX512   -o CMakeFiles/cmTC_6548f.dir/src.c.o   -c /home/monitorgsm/srsLTE/build/CMakeFiles/CMakeTmp/src.c
Linking C executable cmTC_6548f
/usr/bin/cmake -E cmake_link_script CMakeFiles/cmTC_6548f.dir/link.txt --verbose=1
/usr/bin/cc  -DHAVE_AVX512 -mavx512f -mavx512cd -mavx512bw -mavx512dq -DLV_HAVE_AVX512    -rdynamic CMakeFiles/cmTC_6548f.dir/src.c.o  -o cmTC_6548f 
make[1]: Leaving directory '/home/monitorgsm/srsLTE/build/CMakeFiles/CMakeTmp'

Return value: FAILED_TO_RUN
Source file was:

          #include <immintrin.h>
          int main()
          {
            __m512i a, b, c;
            const int src[16] = { 0x0, 0x1, 0x2, 0x3, 0x4, 0x5, 0x6, 0x7, 0x8 , 0x9, 0xA, 0xB, 0xC, 0xD, 0xE, 0xF};
            int dst[16];
            a =  _mm512_loadu_si512( (__m512i*)src );
            b =  _mm512_loadu_si512( (__m512i*)src );
            c = _mm512_add_epi32( a, b );
            _mm512_storeu_si512( (__m512i*)dst, c );
            int i = 0;
            for( i = 0; i < 16; i++ ){
              if( ( src[i] + src[i] ) != dst[i] ){
                return -1;
              }
            }
            return 0;
          }
Performing C++ SOURCE FILE Test HAVE_VISIBILITY_HIDDEN failed with the following output:
Change Dir: /home/monitorgsm/srsLTE/build/CMakeFiles/CMakeTmp

Run Build Command:"/usr/bin/make" "cmTC_f2506/fast"
/usr/bin/make -f CMakeFiles/cmTC_f2506.dir/build.make CMakeFiles/cmTC_f2506.dir/build
make[1]: Entering directory '/home/monitorgsm/srsLTE/build/CMakeFiles/CMakeTmp'
Building CXX object CMakeFiles/cmTC_f2506.dir/src.cxx.o
/usr/bin/c++    -Wall -Wno-comment -Wno-reorder -Wno-unused-but-set-variable -Wno-unused-variable -Wformat -Wmissing-field-initializers -Wtype-limits -std=c++03 -march=native -mfpmath=sse -msse4.1 -DLV_HAVE_SSE -O3 -fno-trapping-math -fno-math-errno -DBUILD_TYPE_RELEASE -DHAVE_VISIBILITY_HIDDEN  -Wall -Wno-comment -Wno-write-strings -Winline -Wno-unused-result -Wformat -Wmissing-field-initializers -Wtype-limits -std=c99 -D_GNU_SOURCE -O3 -fno-trapping-math -fno-math-errno -DBUILD_TYPE_RELEASE -march=native -mfpmath=sse -msse4.1 -DLV_HAVE_SSE -Ofast -funroll-loops   -fvisibility=hidden -o CMakeFiles/cmTC_f2506.dir/src.cxx.o -c /home/monitorgsm/srsLTE/build/CMakeFiles/CMakeTmp/src.cxx
cc1plus: warning: command line option '-std=c99' is valid for C/ObjC but not for C++
Linking CXX executable cmTC_f2506
/usr/bin/cmake -E cmake_link_script CMakeFiles/cmTC_f2506.dir/link.txt --verbose=1
/usr/bin/c++   -Wall -Wno-comment -Wno-reorder -Wno-unused-but-set-variable -Wno-unused-variable -Wformat -Wmissing-field-initializers -Wtype-limits -std=c++03 -march=native -mfpmath=sse -msse4.1 -DLV_HAVE_SSE -O3 -fno-trapping-math -fno-math-errno -DBUILD_TYPE_RELEASE -DHAVE_VISIBILITY_HIDDEN  -Wall -Wno-comment -Wno-write-strings -Winline -Wno-unused-result -Wformat -Wmissing-field-initializers -Wtype-limits -std=c99 -D_GNU_SOURCE -O3 -fno-trapping-math -fno-math-errno -DBUILD_TYPE_RELEASE -march=native -mfpmath=sse -msse4.1 -DLV_HAVE_SSE -Ofast -funroll-loops    -rdynamic CMakeFiles/cmTC_f2506.dir/src.cxx.o  -o cmTC_f2506 
make[1]: Leaving directory '/home/monitorgsm/srsLTE/build/CMakeFiles/CMakeTmp'

Source file was:
int main() { return 0; }
